生成启动时间为 2018/1/26 19:53:18。
     1>项目“G:\学习文档\C++代码\引用\引用\引用.vcxproj”在节点 2 上(build 个目标)。
     1>InitializeBuildStatus:
         正在创建“Debug\引用.unsuccessfulbuild”，因为已指定“AlwaysCreate”。
       ClCompile:
         F:\vs\VC\bin\CL.exe /c /ZI /nologo /W3 /WX- /Od /Oy- /D _UNICODE /D UNICODE /Gm /EHsc /RTC1 /MDd /GS /fp:precise /Zc:wchar_t /Zc:forScope /Fo"Debug\\" /Fd"Debug\vc100.pdb" /Gd /TP /analyze- /errorReport:prompt test.cpp
         test.cpp
     1>g:\学习文档\c++代码\引用\引用\test.cpp(51): warning C4172: 返回局部变量或临时变量的地址
       Link:
         F:\vs\VC\bin\link.exe /ERRORREPORT:PROMPT /OUT:"G:\学习文档\C++代码\引用\Debug\引用.exe" /NOLOGO kernel32.lib user32.lib gdi32.lib winspool.lib comdlg32.lib advapi32.lib shell32.lib ole32.lib oleaut32.lib uuid.lib odbc32.lib odbccp32.lib /MANIFEST /ManifestFile:"Debug\引用.exe.intermediate.manifest" /MANIFESTUAC:"level='asInvoker' uiAccess='false'" /DEBUG /PDB:"G:\学习文档\C++代码\引用\Debug\引用.pdb" /TLBID:1 /DYNAMICBASE /NXCOMPAT /IMPLIB:"G:\学习文档\C++代码\引用\Debug\引用.lib" /MACHINE:X86 Debug\test.obj
         LINK : 没有找到 G:\学习文档\C++代码\引用\Debug\引用.exe 或上一个增量链接没有生成它；正在执行完全链接
         引用.vcxproj -> G:\学习文档\C++代码\引用\Debug\引用.exe
       Manifest:
         C:\Program Files (x86)\Microsoft SDKs\Windows\v7.0A\bin\mt.exe /nologo /verbose /outputresource:"G:\学习文档\C++代码\引用\Debug\引用.exe;#1" /manifest "Debug\引用.exe.intermediate.manifest"
       FinalizeBuildStatus:
         正在删除文件“Debug\引用.unsuccessfulbuild”。
         正在对“Debug\引用.lastbuildstate”执行 Touch 任务。
     1>已完成生成项目“G:\学习文档\C++代码\引用\引用\引用.vcxproj”(build 个目标)的操作。

生成成功。

已用时间 00:00:00.90
